<?xml version="1.0" encoding="UTF-8"?>
<testsuite xmlns:xsi="http://www.w3.org/2001/XMLSchema-instance" xsi:noNamespaceSchemaLocation="https://maven.apache.org/surefire/maven-surefire-plugin/xsd/surefire-test-report.xsd" name="com.assignment.my_assignment.AppTest" time="0.021" tests="4" errors="0" skipped="0" failures="0">
  <properties>
    <property name="java.specification.version" value="17"/>
    <property name="sun.jnu.encoding" value="UTF-8"/>
    <property name="java.class.path" value="/Users/asambaraju/eclipse-workspace/my-assignment/target/test-classes:/Users/asambaraju/eclipse-workspace/my-assignment/target/classes:/Users/asambaraju/.m2/repository/junit/junit/4.13.2/junit-4.13.2.jar:/Users/asambaraju/.m2/repository/org/hamcrest/hamcrest-core/1.3/hamcrest-core-1.3.jar:/Users/asambaraju/.m2/repository/org/seleniumhq/selenium/selenium-chrome-driver/4.13.0/selenium-chrome-driver-4.13.0.jar:/Users/asambaraju/.m2/repository/com/google/auto/service/auto-service-annotations/1.1.1/auto-service-annotations-1.1.1.jar:/Users/asambaraju/.m2/repository/com/google/guava/guava/32.1.2-jre/guava-32.1.2-jre.jar:/Users/asambaraju/.m2/repository/com/google/guava/failureaccess/1.0.1/failureaccess-1.0.1.jar:/Users/asambaraju/.m2/repository/com/google/guava/listenablefuture/9999.0-empty-to-avoid-conflict-with-guava/listenablefuture-9999.0-empty-to-avoid-conflict-with-guava.jar:/Users/asambaraju/.m2/repository/com/google/code/findbugs/jsr305/3.0.2/jsr305-3.0.2.jar:/Users/asambaraju/.m2/repository/org/checkerframework/checker-qual/3.33.0/checker-qual-3.33.0.jar:/Users/asambaraju/.m2/repository/com/google/errorprone/error_prone_annotations/2.18.0/error_prone_annotations-2.18.0.jar:/Users/asambaraju/.m2/repository/com/google/j2objc/j2objc-annotations/2.8/j2objc-annotations-2.8.jar:/Users/asambaraju/.m2/repository/org/seleniumhq/selenium/selenium-api/4.13.0/selenium-api-4.13.0.jar:/Users/asambaraju/.m2/repository/org/seleniumhq/selenium/selenium-chromium-driver/4.13.0/selenium-chromium-driver-4.13.0.jar:/Users/asambaraju/.m2/repository/org/seleniumhq/selenium/selenium-json/4.13.0/selenium-json-4.13.0.jar:/Users/asambaraju/.m2/repository/org/seleniumhq/selenium/selenium-manager/4.13.0/selenium-manager-4.13.0.jar:/Users/asambaraju/.m2/repository/org/seleniumhq/selenium/selenium-os/4.13.0/selenium-os-4.13.0.jar:/Users/asambaraju/.m2/repository/org/apache/commons/commons-exec/1.3/commons-exec-1.3.jar:/Users/asambaraju/.m2/repository/org/seleniumhq/selenium/selenium-remote-driver/4.13.0/selenium-remote-driver-4.13.0.jar:/Users/asambaraju/.m2/repository/io/netty/netty-buffer/4.1.96.Final/netty-buffer-4.1.96.Final.jar:/Users/asambaraju/.m2/repository/io/netty/netty-codec-http/4.1.96.Final/netty-codec-http-4.1.96.Final.jar:/Users/asambaraju/.m2/repository/io/netty/netty-codec/4.1.96.Final/netty-codec-4.1.96.Final.jar:/Users/asambaraju/.m2/repository/io/netty/netty-handler/4.1.96.Final/netty-handler-4.1.96.Final.jar:/Users/asambaraju/.m2/repository/io/netty/netty-common/4.1.96.Final/netty-common-4.1.96.Final.jar:/Users/asambaraju/.m2/repository/io/netty/netty-transport-classes-epoll/4.1.96.Final/netty-transport-classes-epoll-4.1.96.Final.jar:/Users/asambaraju/.m2/repository/io/netty/netty-transport-classes-kqueue/4.1.96.Final/netty-transport-classes-kqueue-4.1.96.Final.jar:/Users/asambaraju/.m2/repository/io/netty/netty-transport-native-epoll/4.1.96.Final/netty-transport-native-epoll-4.1.96.Final.jar:/Users/asambaraju/.m2/repository/io/netty/netty-transport-native-kqueue/4.1.96.Final/netty-transport-native-kqueue-4.1.96.Final.jar:/Users/asambaraju/.m2/repository/io/netty/netty-transport-native-unix-common/4.1.96.Final/netty-transport-native-unix-common-4.1.96.Final.jar:/Users/asambaraju/.m2/repository/io/netty/netty-transport/4.1.96.Final/netty-transport-4.1.96.Final.jar:/Users/asambaraju/.m2/repository/io/netty/netty-resolver/4.1.96.Final/netty-resolver-4.1.96.Final.jar:/Users/asambaraju/.m2/repository/io/opentelemetry/opentelemetry-api/1.28.0/opentelemetry-api-1.28.0.jar:/Users/asambaraju/.m2/repository/io/opentelemetry/opentelemetry-context/1.28.0/opentelemetry-context-1.28.0.jar:/Users/asambaraju/.m2/repository/io/opentelemetry/opentelemetry-exporter-logging/1.28.0/opentelemetry-exporter-logging-1.28.0.jar:/Users/asambaraju/.m2/repository/io/opentelemetry/opentelemetry-sdk-metrics/1.28.0/opentelemetry-sdk-metrics-1.28.0.jar:/Users/asambaraju/.m2/repository/io/opentelemetry/opentelemetry-extension-incubator/1.28.0-alpha/opentelemetry-extension-incubator-1.28.0-alpha.jar:/Users/asambaraju/.m2/repository/io/opentelemetry/opentelemetry-sdk-logs/1.28.0/opentelemetry-sdk-logs-1.28.0.jar:/Users/asambaraju/.m2/repository/io/opentelemetry/opentelemetry-sdk-common/1.28.0/opentelemetry-sdk-common-1.28.0.jar:/Users/asambaraju/.m2/repository/io/opentelemetry/opentelemetry-sdk-extension-autoconfigure-spi/1.28.0/opentelemetry-sdk-extension-autoconfigure-spi-1.28.0.jar:/Users/asambaraju/.m2/repository/io/opentelemetry/opentelemetry-sdk-extension-autoconfigure/1.28.0/opentelemetry-sdk-extension-autoconfigure-1.28.0.jar:/Users/asambaraju/.m2/repository/io/opentelemetry/opentelemetry-api-events/1.28.0-alpha/opentelemetry-api-events-1.28.0-alpha.jar:/Users/asambaraju/.m2/repository/io/opentelemetry/opentelemetry-sdk-trace/1.28.0/opentelemetry-sdk-trace-1.28.0.jar:/Users/asambaraju/.m2/repository/io/opentelemetry/opentelemetry-sdk/1.28.0/opentelemetry-sdk-1.28.0.jar:/Users/asambaraju/.m2/repository/io/opentelemetry/opentelemetry-semconv/1.28.0-alpha/opentelemetry-semconv-1.28.0-alpha.jar:/Users/asambaraju/.m2/repository/net/bytebuddy/byte-buddy/1.14.5/byte-buddy-1.14.5.jar:/Users/asambaraju/.m2/repository/org/asynchttpclient/async-http-client/2.12.3/async-http-client-2.12.3.jar:/Users/asambaraju/.m2/repository/org/asynchttpclient/async-http-client-netty-utils/2.12.3/async-http-client-netty-utils-2.12.3.jar:/Users/asambaraju/.m2/repository/io/netty/netty-codec-socks/4.1.60.Final/netty-codec-socks-4.1.60.Final.jar:/Users/asambaraju/.m2/repository/io/netty/netty-handler-proxy/4.1.60.Final/netty-handler-proxy-4.1.60.Final.jar:/Users/asambaraju/.m2/repository/io/netty/netty-transport-native-epoll/4.1.60.Final/netty-transport-native-epoll-4.1.60.Final-linux-x86_64.jar:/Users/asambaraju/.m2/repository/io/netty/netty-transport-native-kqueue/4.1.60.Final/netty-transport-native-kqueue-4.1.60.Final-osx-x86_64.jar:/Users/asambaraju/.m2/repository/org/reactivestreams/reactive-streams/1.0.3/reactive-streams-1.0.3.jar:/Users/asambaraju/.m2/repository/com/typesafe/netty/netty-reactive-streams/2.0.4/netty-reactive-streams-2.0.4.jar:/Users/asambaraju/.m2/repository/com/sun/activation/jakarta.activation/1.2.2/jakarta.activation-1.2.2.jar:/Users/asambaraju/.m2/repository/org/seleniumhq/selenium/selenium-http/4.13.0/selenium-http-4.13.0.jar:/Users/asambaraju/.m2/repository/dev/failsafe/failsafe/3.3.2/failsafe-3.3.2.jar:/Users/asambaraju/.m2/repository/org/seleniumhq/selenium/selenium-java/4.13.0/selenium-java-4.13.0.jar:/Users/asambaraju/.m2/repository/org/seleniumhq/selenium/selenium-devtools-v115/4.13.0/selenium-devtools-v115-4.13.0.jar:/Users/asambaraju/.m2/repository/org/seleniumhq/selenium/selenium-devtools-v116/4.13.0/selenium-devtools-v116-4.13.0.jar:/Users/asambaraju/.m2/repository/org/seleniumhq/selenium/selenium-devtools-v117/4.13.0/selenium-devtools-v117-4.13.0.jar:/Users/asambaraju/.m2/repository/org/seleniumhq/selenium/selenium-devtools-v85/4.13.0/selenium-devtools-v85-4.13.0.jar:/Users/asambaraju/.m2/repository/org/seleniumhq/selenium/selenium-edge-driver/4.13.0/selenium-edge-driver-4.13.0.jar:/Users/asambaraju/.m2/repository/org/seleniumhq/selenium/selenium-firefox-driver/4.13.0/selenium-firefox-driver-4.13.0.jar:/Users/asambaraju/.m2/repository/org/seleniumhq/selenium/selenium-ie-driver/4.13.0/selenium-ie-driver-4.13.0.jar:/Users/asambaraju/.m2/repository/org/seleniumhq/selenium/selenium-safari-driver/4.13.0/selenium-safari-driver-4.13.0.jar:/Users/asambaraju/.m2/repository/org/seleniumhq/selenium/selenium-support/4.13.0/selenium-support-4.13.0.jar:/Users/asambaraju/.m2/repository/org/slf4j/slf4j-api/1.7.5/slf4j-api-1.7.5.jar:/Users/asambaraju/.m2/repository/org/slf4j/slf4j-simple/1.7.5/slf4j-simple-1.7.5.jar:"/>
    <property name="java.vm.vendor" value="Eclipse Adoptium"/>
    <property name="sun.arch.data.model" value="64"/>
    <property name="java.vendor.url" value="https://adoptium.net/"/>
    <property name="os.name" value="Mac OS X"/>
    <property name="java.vm.specification.version" value="17"/>
    <property name="sun.java.launcher" value="SUN_STANDARD"/>
    <property name="user.country" value="US"/>
    <property name="sun.boot.library.path" value="/Users/asambaraju/.p2/pool/plugins/org.eclipse.justj.openjdk.hotspot.jre.full.macosx.aarch64_17.0.8.v20230831-1047/jre/lib"/>
    <property name="sun.java.command" value="/Users/asambaraju/eclipse-workspace/my-assignment/target/surefire/surefirebooter12525402240529557759.jar /Users/asambaraju/eclipse-workspace/my-assignment/target/surefire 2023-10-08T19-19-56_980-jvmRun1 surefire1543463006164515970tmp surefire_06060428007195534394tmp"/>
    <property name="http.nonProxyHosts" value="local|*.local|169.254/16|*.169.254/16"/>
    <property name="jdk.debug" value="release"/>
    <property name="surefire.test.class.path" value="/Users/asambaraju/eclipse-workspace/my-assignment/target/test-classes:/Users/asambaraju/eclipse-workspace/my-assignment/target/classes:/Users/asambaraju/.m2/repository/junit/junit/4.13.2/junit-4.13.2.jar:/Users/asambaraju/.m2/repository/org/hamcrest/hamcrest-core/1.3/hamcrest-core-1.3.jar:/Users/asambaraju/.m2/repository/org/seleniumhq/selenium/selenium-chrome-driver/4.13.0/selenium-chrome-driver-4.13.0.jar:/Users/asambaraju/.m2/repository/com/google/auto/service/auto-service-annotations/1.1.1/auto-service-annotations-1.1.1.jar:/Users/asambaraju/.m2/repository/com/google/guava/guava/32.1.2-jre/guava-32.1.2-jre.jar:/Users/asambaraju/.m2/repository/com/google/guava/failureaccess/1.0.1/failureaccess-1.0.1.jar:/Users/asambaraju/.m2/repository/com/google/guava/listenablefuture/9999.0-empty-to-avoid-conflict-with-guava/listenablefuture-9999.0-empty-to-avoid-conflict-with-guava.jar:/Users/asambaraju/.m2/repository/com/google/code/findbugs/jsr305/3.0.2/jsr305-3.0.2.jar:/Users/asambaraju/.m2/repository/org/checkerframework/checker-qual/3.33.0/checker-qual-3.33.0.jar:/Users/asambaraju/.m2/repository/com/google/errorprone/error_prone_annotations/2.18.0/error_prone_annotations-2.18.0.jar:/Users/asambaraju/.m2/repository/com/google/j2objc/j2objc-annotations/2.8/j2objc-annotations-2.8.jar:/Users/asambaraju/.m2/repository/org/seleniumhq/selenium/selenium-api/4.13.0/selenium-api-4.13.0.jar:/Users/asambaraju/.m2/repository/org/seleniumhq/selenium/selenium-chromium-driver/4.13.0/selenium-chromium-driver-4.13.0.jar:/Users/asambaraju/.m2/repository/org/seleniumhq/selenium/selenium-json/4.13.0/selenium-json-4.13.0.jar:/Users/asambaraju/.m2/repository/org/seleniumhq/selenium/selenium-manager/4.13.0/selenium-manager-4.13.0.jar:/Users/asambaraju/.m2/repository/org/seleniumhq/selenium/selenium-os/4.13.0/selenium-os-4.13.0.jar:/Users/asambaraju/.m2/repository/org/apache/commons/commons-exec/1.3/commons-exec-1.3.jar:/Users/asambaraju/.m2/repository/org/seleniumhq/selenium/selenium-remote-driver/4.13.0/selenium-remote-driver-4.13.0.jar:/Users/asambaraju/.m2/repository/io/netty/netty-buffer/4.1.96.Final/netty-buffer-4.1.96.Final.jar:/Users/asambaraju/.m2/repository/io/netty/netty-codec-http/4.1.96.Final/netty-codec-http-4.1.96.Final.jar:/Users/asambaraju/.m2/repository/io/netty/netty-codec/4.1.96.Final/netty-codec-4.1.96.Final.jar:/Users/asambaraju/.m2/repository/io/netty/netty-handler/4.1.96.Final/netty-handler-4.1.96.Final.jar:/Users/asambaraju/.m2/repository/io/netty/netty-common/4.1.96.Final/netty-common-4.1.96.Final.jar:/Users/asambaraju/.m2/repository/io/netty/netty-transport-classes-epoll/4.1.96.Final/netty-transport-classes-epoll-4.1.96.Final.jar:/Users/asambaraju/.m2/repository/io/netty/netty-transport-classes-kqueue/4.1.96.Final/netty-transport-classes-kqueue-4.1.96.Final.jar:/Users/asambaraju/.m2/repository/io/netty/netty-transport-native-epoll/4.1.96.Final/netty-transport-native-epoll-4.1.96.Final.jar:/Users/asambaraju/.m2/repository/io/netty/netty-transport-native-kqueue/4.1.96.Final/netty-transport-native-kqueue-4.1.96.Final.jar:/Users/asambaraju/.m2/repository/io/netty/netty-transport-native-unix-common/4.1.96.Final/netty-transport-native-unix-common-4.1.96.Final.jar:/Users/asambaraju/.m2/repository/io/netty/netty-transport/4.1.96.Final/netty-transport-4.1.96.Final.jar:/Users/asambaraju/.m2/repository/io/netty/netty-resolver/4.1.96.Final/netty-resolver-4.1.96.Final.jar:/Users/asambaraju/.m2/repository/io/opentelemetry/opentelemetry-api/1.28.0/opentelemetry-api-1.28.0.jar:/Users/asambaraju/.m2/repository/io/opentelemetry/opentelemetry-context/1.28.0/opentelemetry-context-1.28.0.jar:/Users/asambaraju/.m2/repository/io/opentelemetry/opentelemetry-exporter-logging/1.28.0/opentelemetry-exporter-logging-1.28.0.jar:/Users/asambaraju/.m2/repository/io/opentelemetry/opentelemetry-sdk-metrics/1.28.0/opentelemetry-sdk-metrics-1.28.0.jar:/Users/asambaraju/.m2/repository/io/opentelemetry/opentelemetry-extension-incubator/1.28.0-alpha/opentelemetry-extension-incubator-1.28.0-alpha.jar:/Users/asambaraju/.m2/repository/io/opentelemetry/opentelemetry-sdk-logs/1.28.0/opentelemetry-sdk-logs-1.28.0.jar:/Users/asambaraju/.m2/repository/io/opentelemetry/opentelemetry-sdk-common/1.28.0/opentelemetry-sdk-common-1.28.0.jar:/Users/asambaraju/.m2/repository/io/opentelemetry/opentelemetry-sdk-extension-autoconfigure-spi/1.28.0/opentelemetry-sdk-extension-autoconfigure-spi-1.28.0.jar:/Users/asambaraju/.m2/repository/io/opentelemetry/opentelemetry-sdk-extension-autoconfigure/1.28.0/opentelemetry-sdk-extension-autoconfigure-1.28.0.jar:/Users/asambaraju/.m2/repository/io/opentelemetry/opentelemetry-api-events/1.28.0-alpha/opentelemetry-api-events-1.28.0-alpha.jar:/Users/asambaraju/.m2/repository/io/opentelemetry/opentelemetry-sdk-trace/1.28.0/opentelemetry-sdk-trace-1.28.0.jar:/Users/asambaraju/.m2/repository/io/opentelemetry/opentelemetry-sdk/1.28.0/opentelemetry-sdk-1.28.0.jar:/Users/asambaraju/.m2/repository/io/opentelemetry/opentelemetry-semconv/1.28.0-alpha/opentelemetry-semconv-1.28.0-alpha.jar:/Users/asambaraju/.m2/repository/net/bytebuddy/byte-buddy/1.14.5/byte-buddy-1.14.5.jar:/Users/asambaraju/.m2/repository/org/asynchttpclient/async-http-client/2.12.3/async-http-client-2.12.3.jar:/Users/asambaraju/.m2/repository/org/asynchttpclient/async-http-client-netty-utils/2.12.3/async-http-client-netty-utils-2.12.3.jar:/Users/asambaraju/.m2/repository/io/netty/netty-codec-socks/4.1.60.Final/netty-codec-socks-4.1.60.Final.jar:/Users/asambaraju/.m2/repository/io/netty/netty-handler-proxy/4.1.60.Final/netty-handler-proxy-4.1.60.Final.jar:/Users/asambaraju/.m2/repository/io/netty/netty-transport-native-epoll/4.1.60.Final/netty-transport-native-epoll-4.1.60.Final-linux-x86_64.jar:/Users/asambaraju/.m2/repository/io/netty/netty-transport-native-kqueue/4.1.60.Final/netty-transport-native-kqueue-4.1.60.Final-osx-x86_64.jar:/Users/asambaraju/.m2/repository/org/reactivestreams/reactive-streams/1.0.3/reactive-streams-1.0.3.jar:/Users/asambaraju/.m2/repository/com/typesafe/netty/netty-reactive-streams/2.0.4/netty-reactive-streams-2.0.4.jar:/Users/asambaraju/.m2/repository/com/sun/activation/jakarta.activation/1.2.2/jakarta.activation-1.2.2.jar:/Users/asambaraju/.m2/repository/org/seleniumhq/selenium/selenium-http/4.13.0/selenium-http-4.13.0.jar:/Users/asambaraju/.m2/repository/dev/failsafe/failsafe/3.3.2/failsafe-3.3.2.jar:/Users/asambaraju/.m2/repository/org/seleniumhq/selenium/selenium-java/4.13.0/selenium-java-4.13.0.jar:/Users/asambaraju/.m2/repository/org/seleniumhq/selenium/selenium-devtools-v115/4.13.0/selenium-devtools-v115-4.13.0.jar:/Users/asambaraju/.m2/repository/org/seleniumhq/selenium/selenium-devtools-v116/4.13.0/selenium-devtools-v116-4.13.0.jar:/Users/asambaraju/.m2/repository/org/seleniumhq/selenium/selenium-devtools-v117/4.13.0/selenium-devtools-v117-4.13.0.jar:/Users/asambaraju/.m2/repository/org/seleniumhq/selenium/selenium-devtools-v85/4.13.0/selenium-devtools-v85-4.13.0.jar:/Users/asambaraju/.m2/repository/org/seleniumhq/selenium/selenium-edge-driver/4.13.0/selenium-edge-driver-4.13.0.jar:/Users/asambaraju/.m2/repository/org/seleniumhq/selenium/selenium-firefox-driver/4.13.0/selenium-firefox-driver-4.13.0.jar:/Users/asambaraju/.m2/repository/org/seleniumhq/selenium/selenium-ie-driver/4.13.0/selenium-ie-driver-4.13.0.jar:/Users/asambaraju/.m2/repository/org/seleniumhq/selenium/selenium-safari-driver/4.13.0/selenium-safari-driver-4.13.0.jar:/Users/asambaraju/.m2/repository/org/seleniumhq/selenium/selenium-support/4.13.0/selenium-support-4.13.0.jar:/Users/asambaraju/.m2/repository/org/slf4j/slf4j-api/1.7.5/slf4j-api-1.7.5.jar:/Users/asambaraju/.m2/repository/org/slf4j/slf4j-simple/1.7.5/slf4j-simple-1.7.5.jar:"/>
    <property name="sun.cpu.endian" value="little"/>
    <property name="user.home" value="/Users/asambaraju"/>
    <property name="user.language" value="en"/>
    <property name="java.specification.vendor" value="Oracle Corporation"/>
    <property name="java.version.date" value="2023-08-24"/>
    <property name="java.home" value="/Users/asambaraju/.p2/pool/plugins/org.eclipse.justj.openjdk.hotspot.jre.full.macosx.aarch64_17.0.8.v20230831-1047/jre"/>
    <property name="file.separator" value="/"/>
    <property name="style.color" value="always"/>
    <property name="basedir" value="/Users/asambaraju/eclipse-workspace/my-assignment"/>
    <property name="java.vm.compressedOopsMode" value="Zero based"/>
    <property name="line.separator" value="&#10;"/>
    <property name="java.vm.specification.vendor" value="Oracle Corporation"/>
    <property name="java.specification.name" value="Java Platform API Specification"/>
    <property name="surefire.real.class.path" value="/Users/asambaraju/eclipse-workspace/my-assignment/target/surefire/surefirebooter12525402240529557759.jar"/>
    <property name="sun.management.compiler" value="HotSpot 64-Bit Tiered Compilers"/>
    <property name="ftp.nonProxyHosts" value="local|*.local|169.254/16|*.169.254/16"/>
    <property name="java.runtime.version" value="17.0.8.1+1"/>
    <property name="user.name" value="asambaraju"/>
    <property name="path.separator" value=":"/>
    <property name="os.version" value="14.0"/>
    <property name="java.runtime.name" value="OpenJDK Runtime Environment"/>
    <property name="file.encoding" value="UTF-8"/>
    <property name="java.vm.name" value="OpenJDK 64-Bit Server VM"/>
    <property name="java.vendor.version" value="Temurin-17.0.8.1+1"/>
    <property name="localRepository" value="/Users/asambaraju/.m2/repository"/>
    <property name="java.vendor.url.bug" value="https://github.com/adoptium/adoptium-support/issues"/>
    <property name="java.io.tmpdir" value="/var/folders/cn/n0rs2bps7xn87n0xd1jthh2w0000gn/T/"/>
    <property name="java.version" value="17.0.8.1"/>
    <property name="user.dir" value="/Users/asambaraju/eclipse-workspace/my-assignment"/>
    <property name="os.arch" value="aarch64"/>
    <property name="java.vm.specification.name" value="Java Virtual Machine Specification"/>
    <property name="native.encoding" value="UTF-8"/>
    <property name="java.library.path" value="/Users/asambaraju/Library/Java/Extensions:/Library/Java/Extensions:/Network/Library/Java/Extensions:/System/Library/Java/Extensions:/usr/lib/java:."/>
    <property name="java.vm.info" value="mixed mode"/>
    <property name="java.vendor" value="Eclipse Adoptium"/>
    <property name="java.vm.version" value="17.0.8.1+1"/>
    <property name="sun.io.unicode.encoding" value="UnicodeBig"/>
    <property name="socksNonProxyHosts" value="local|*.local|169.254/16|*.169.254/16"/>
    <property name="java.class.version" value="61.0"/>
  </properties>
  <testcase name="shouldAnswerWithTrue" classname="com.assignment.my_assignment.AppTest" time="0.002"/>
  <testcase name="testSub" classname="com.assignment.my_assignment.AppTest" time="0"/>
  <testcase name="testSum" classname="com.assignment.my_assignment.AppTest" time="0"/>
  <testcase name="testMultiply" classname="com.assignment.my_assignment.AppTest" time="0"/>
</testsuite>